Build started 3/28/2012 12:43:39 PM.
     1>Project "D:\Projects\Onyx-VJ\Onyx.Core.Plugins\src\native\win32\midipipe\MidiPipe.vcxproj" on node 2 (build target(s)).
     1>InitializeBuildStatus:
         Creating "Release\MidiPipe.unsuccessfulbuild" because "AlwaysCreate" was specified.
       ClCompile:
         All outputs are up-to-date.
         C:\Program Files (x86)\Microsoft Visual Studio 10.0\VC\bin\CL.exe /c /Zi /nologo /W3 /WX- /O2 /Oi /Oy- /GL /D WIN32 /D NDEBUG /D _CONSOLE /D _UNICODE /D UNICODE /Gm- /EHsc /MD /GS /Gy /fp:precise /Zc:wchar_t /Zc:forScope /Yu"StdAfx.h" /Fp"Release\MidiPipe.pch" /Fo"Release\\" /Fd"Release\vc100.pdb" /Gd /TP /analyze- /errorReport:prompt MidiPipe.cpp
         MidiPipe.cpp
     1>MidiPipe.cpp(23): warning C4554: '&' : check operator precedence for possible error; use parentheses to clarify precedence
       Link:
         C:\Program Files (x86)\Microsoft Visual Studio 10.0\VC\bin\link.exe /ERRORREPORT:PROMPT /OUT:"D:\Projects\Onyx-VJ\Onyx.Core.Plugins\src\native\win32\midipipe\Release\MidiPipe.exe" /INCREMENTAL:NO /NOLOGO Winmm.lib kernel32.lib user32.lib gdi32.lib winspool.lib comdlg32.lib advapi32.lib shell32.lib ole32.lib oleaut32.lib uuid.lib odbc32.lib odbccp32.lib /MANIFEST /ManifestFile:"Release\MidiPipe.exe.intermediate.manifest" /MANIFESTUAC:"level='asInvoker' uiAccess='false'" /DEBUG /PDB:"D:\Projects\Onyx-VJ\Onyx.Core.Plugins\src\native\win32\midipipe\Release\MidiPipe.pdb" /SUBSYSTEM:CONSOLE /OPT:REF /OPT:ICF /LTCG /TLBID:1 /DYNAMICBASE /NXCOMPAT /IMPLIB:"D:\Projects\Onyx-VJ\Onyx.Core.Plugins\src\native\win32\midipipe\Release\MidiPipe.lib" /MACHINE:X86 Release\MidiPipe.obj
         Release\stdafx.obj
         Generating code
         Finished generating code
         MidiPipe.vcxproj -> D:\Projects\Onyx-VJ\Onyx.Core.Plugins\src\native\win32\midipipe\Release\MidiPipe.exe
       Manifest:
         C:\Program Files (x86)\Microsoft SDKs\Windows\v7.0A\bin\mt.exe /nologo /verbose /outputresource:"D:\Projects\Onyx-VJ\Onyx.Core.Plugins\src\native\win32\midipipe\Release\MidiPipe.exe;#1" /manifest Release\MidiPipe.exe.intermediate.manifest
       FinalizeBuildStatus:
         Deleting file "Release\MidiPipe.unsuccessfulbuild".
         Touching "Release\MidiPipe.lastbuildstate".
     1>Done Building Project "D:\Projects\Onyx-VJ\Onyx.Core.Plugins\src\native\win32\midipipe\MidiPipe.vcxproj" (build target(s)).

Build succeeded.

Time Elapsed 00:00:00.61
